<?xml version="1.0" encoding="UTF-8"?>
<testng-results ignored="0" total="1" passed="1" failed="0" skipped="0">
  <reporter-output>
  </reporter-output>
  <suite started-at="2023-07-16T22:49:41 IST" name="Suite" finished-at="2023-07-16T22:49:47 IST" duration-ms="5671">
    <groups>
    </groups>
    <test started-at="2023-07-16T22:49:41 IST" name="Test" finished-at="2023-07-16T22:49:47 IST" duration-ms="5671">
      <class name="testcases.CareersApplyTests">
        <test-method is-config="true" signature="beforeSuite()[pri:0, instance:testcases.CareersApplyTests@659a969b]" started-at="2023-07-16T22:49:21 IST" name="beforeSuite" finished-at="2023-07-16T22:49:41 IST" duration-ms="20226" status="PASS">
          <reporter-output>
          </reporter-output>
        </test-method> <!-- beforeSuite -->
        <test-method is-config="true" signature="createObject()[pri:0, instance:testcases.CareersApplyTests@659a969b]" started-at="2023-07-16T22:49:41 IST" name="createObject" finished-at="2023-07-16T22:49:41 IST" duration-ms="46" status="PASS">
          <reporter-output>
          </reporter-output>
        </test-method> <!-- createObject -->
        <test-method signature="validateJoinUs()[pri:0, instance:testcases.CareersApplyTests@659a969b]" started-at="2023-07-16T22:49:41 IST" name="validateJoinUs" finished-at="2023-07-16T22:49:47 IST" duration-ms="5554" status="PASS">
          <reporter-output>
          </reporter-output>
        </test-method> <!-- validateJoinUs -->
      </class> <!-- testcases.CareersApplyTests -->
    </test> <!-- Test -->
  </suite> <!-- Suite -->
</testng-results>
